<?xml version="1.0" encoding="UTF-8"?>
<!-- Generated by org.testng.reporters.JUnitXMLReporter -->
<testsuite hostname="rajanlaptop" name="PaymentGatewayTest" tests="1" failures="0" timestamp="1 May 2019 20:18:21 GMT" time="0.039" errors="0">
  <testcase name="@BeforeTest selectBrowser" time="0.0" classname="ApplicationPagesTestCases.PaymentPageTest">
    <failure type="org.testng.TestNGException" message="
Method selectBrowser requires 1 parameters but 0 were supplied in the @Configuration annotation.">
      <![CDATA[org.testng.TestNGException: 
Method selectBrowser requires 1 parameters but 0 were supplied in the @Configuration annotation.
... Removed 20 stack frames]]>
    </failure>
  </testcase> <!-- @BeforeTest selectBrowser -->
  <testcase name="clickOnBuyButton" time="0.008" classname="ApplicationPagesTestCases.PaymentPageTest">
    <skipped/>
  </testcase> <!-- clickOnBuyButton -->
</testsuite> <!-- PaymentGatewayTest -->
